\BOOKMARK [1][-]{section.1}{Requisiti ed interazioni utente-sistema}{}% 1
\BOOKMARK [2][-]{subsection.1.1}{Specifiche casi d\220uso}{section.1}% 2
\BOOKMARK [3][-]{subsubsection.1.1.1}{Casi d'uso relativi all'utente}{subsection.1.1}% 3
\BOOKMARK [3][-]{subsubsection.1.1.2}{Gestione carrello:}{subsection.1.1}% 4
\BOOKMARK [3][-]{subsubsection.1.1.3}{Casi d'uso relativi al responsabile reparto}{subsection.1.1}% 5
\BOOKMARK [1][-]{section.2}{Sviluppo: progetto dell'architettura ed implementazione del sistema}{}% 6
\BOOKMARK [2][-]{subsection.2.1}{Note sul processo di sviluppo}{section.2}% 7
\BOOKMARK [3][-]{subsubsection.2.1.1}{Metodologie di sviluppo}{subsection.2.1}% 8
\BOOKMARK [3][-]{subsubsection.2.1.2}{Tecnologie per lo sviluppo}{subsection.2.1}% 9
\BOOKMARK [2][-]{subsection.2.2}{Progettazione e pattern architetturali usati}{section.2}% 10
\BOOKMARK [3][-]{subsubsection.2.2.1}{Pattern MVC}{subsection.2.2}% 11
\BOOKMARK [3][-]{subsubsection.2.2.2}{Pattern Repository}{subsection.2.2}% 12
\BOOKMARK [2][-]{subsection.2.3}{Note su JavaFX}{section.2}% 13
\BOOKMARK [3][-]{subsubsection.2.3.1}{CSS}{subsection.2.3}% 14
\BOOKMARK [2][-]{subsection.2.4}{Implementazione e design pattern usati}{section.2}% 15
\BOOKMARK [3][-]{subsubsection.2.4.1}{Pattern Sigleton}{subsection.2.4}% 16
\BOOKMARK [3][-]{subsubsection.2.4.2}{Pattern Observer e gestione della sessione}{subsection.2.4}% 17
\BOOKMARK [3][-]{subsubsection.2.4.3}{Pattern Data Access Object}{subsection.2.4}% 18
\BOOKMARK [3][-]{subsubsection.2.4.4}{UML delle Classi}{subsection.2.4}% 19
\BOOKMARK [2][-]{subsection.2.5}{Diagrammi di sequenza del software implementato.}{section.2}% 20
\BOOKMARK [2][-]{subsection.2.6}{Persistenza dati con Database SQL}{section.2}% 21
\BOOKMARK [3][-]{subsubsection.2.6.1}{InitDb}{subsection.2.6}% 22
\BOOKMARK [3][-]{subsubsection.2.6.2}{Diagramma ER}{subsection.2.6}% 23
\BOOKMARK [2][-]{subsection.2.7}{Sicurezza}{section.2}% 24
\BOOKMARK [1][-]{section.3}{Attivit\340 di test e validazione}{}% 25
\BOOKMARK [2][-]{subsection.3.1}{Ispezione codice e documentazione}{section.3}% 26
\BOOKMARK [2][-]{subsection.3.2}{Unit test}{section.3}% 27
\BOOKMARK [2][-]{subsection.3.3}{Test degli sviluppatori}{section.3}% 28
\BOOKMARK [2][-]{subsection.3.4}{Test utente generico}{section.3}% 29
